  [1m[36m (5.0ms)[0m  [1mCREATE TABLE "schema_migrations" ("version" character varying NOT NULL) [0m
  [1m[35m (2.4ms)[0m  CREATE UNIQUE INDEX  "unique_schema_migrations" ON "schema_migrations"  ("version")
  [1m[36mActiveRecord::SchemaMigration Load (0.6ms)[0m  [1mSELECT "schema_migrations".* FROM "schema_migrations"[0m
Migrating to CreateUrls (20150203144148)
  [1m[35m (0.3ms)[0m  BEGIN
  [1m[36m (8.3ms)[0m  [1mCREATE TABLE "urls" ("id" serial primary key, "long" character varying, "counter" integer) [0m
  [1m[35mSQL (0.6ms)[0m  INSERT INTO "schema_migrations" ("version") VALUES ($1)  [["version", "20150203144148"]]
  [1m[36m (0.6ms)[0m  [1mCOMMIT[0m
  [1m[35mActiveRecord::SchemaMigration Load (0.5ms)[0m  SELECT "schema_migrations".* FROM "schema_migrations"
  [1m[36m (2.7ms)[0m  [1mSELECT t2.oid::regclass::text AS to_table, a1.attname AS column, a2.attname AS primary_key, c.conname AS name, c.confupdtype AS on_update, c.confdeltype AS on_delete
FROM pg_constraint c
JOIN pg_class t1 ON c.conrelid = t1.oid
JOIN pg_class t2 ON c.confrelid = t2.oid
JOIN pg_attribute a1 ON a1.attnum = c.conkey[1] AND a1.attrelid = t1.oid
JOIN pg_attribute a2 ON a2.attnum = c.confkey[1] AND a2.attrelid = t2.oid
JOIN pg_namespace t3 ON c.connamespace = t3.oid
WHERE c.contype = 'f'
  AND t1.relname = 'urls'
  AND t3.nspname = ANY (current_schemas(false))
ORDER BY c.conname
[0m
  [1m[36mActiveRecord::SchemaMigration Load (0.5ms)[0m  [1mSELECT "schema_migrations".* FROM "schema_migrations"[0m
  [1m[35m (0.3ms)[0m  BEGIN
  [1m[36mSQL (0.9ms)[0m  [1mINSERT INTO "urls" ("long", "counter") VALUES ($1, $2) RETURNING "id"[0m  [["long", "http://www.caib.es/sacmicrofront/contenido.do?mkey=M08082109010018816268&lang=CA&cont=7436"], ["counter", 0]]
  [1m[35m (1.9ms)[0m  COMMIT
  [1m[36m (0.2ms)[0m  [1mBEGIN[0m
  [1m[35mSQL (0.4ms)[0m  INSERT INTO "urls" ("long", "counter") VALUES ($1, $2) RETURNING "id"  [["long", "http://menorca.info/menorca/cultura/2015/490100/transmuntanus-matome-pasan-final-del-concurso-pop-rock.html"], ["counter", 1]]
  [1m[36m (0.4ms)[0m  [1mCOMMIT[0m
  [1m[35m (0.2ms)[0m  BEGIN
  [1m[36mSQL (0.3ms)[0m  [1mINSERT INTO "urls" ("long", "counter") VALUES ($1, $2) RETURNING "id"[0m  [["long", "http://www.lavanguardia.com/economia/marketing-publicidad/20150112/54423278382/ambito-digital-comercial-concentraran-demanda-profesionales-2015.html"], ["counter", 3]]
  [1m[35m (0.4ms)[0m  COMMIT
  [1m[36m (0.2ms)[0m  [1mBEGIN[0m
  [1m[35mSQL (0.3ms)[0m  INSERT INTO "urls" ("long", "counter") VALUES ($1, $2) RETURNING "id"  [["long", "Url 33"], ["counter", 33]]
  [1m[36m (0.4ms)[0m  [1mCOMMIT[0m
  [1m[35m (0.2ms)[0m  BEGIN
  [1m[36mSQL (0.3ms)[0m  [1mINSERT INTO "urls" ("long", "counter") VALUES ($1, $2) RETURNING "id"[0m  [["long", "Url 34"], ["counter", 34]]
  [1m[35m (1.1ms)[0m  COMMIT
  [1m[36m (0.2ms)[0m  [1mBEGIN[0m
  [1m[35mSQL (0.3ms)[0m  INSERT INTO "urls" ("long", "counter") VALUES ($1, $2) RETURNING "id"  [["long", "Url 35"], ["counter", 35]]
  [1m[36m (0.4ms)[0m  [1mCOMMIT[0m
  [1m[35m (0.2ms)[0m  BEGIN
  [1m[36mSQL (0.3ms)[0m  [1mINSERT INTO "urls" ("long", "counter") VALUES ($1, $2) RETURNING "id"[0m  [["long", "Url 36"], ["counter", 36]]
  [1m[35m (0.4ms)[0m  COMMIT
  [1m[36m (0.2ms)[0m  [1mBEGIN[0m
  [1m[35mSQL (0.3ms)[0m  INSERT INTO "urls" ("long", "counter") VALUES ($1, $2) RETURNING "id"  [["long", "Url 37"], ["counter", 37]]
  [1m[36m (0.4ms)[0m  [1mCOMMIT[0m
  [1m[35m (0.2ms)[0m  BEGIN
  [1m[36mSQL (0.3ms)[0m  [1mINSERT INTO "urls" ("long", "counter") VALUES ($1, $2) RETURNING "id"[0m  [["long", "Url 38"], ["counter", 38]]
  [1m[35m (0.4ms)[0m  COMMIT
  [1m[36m (0.2ms)[0m  [1mBEGIN[0m
  [1m[35mSQL (0.3ms)[0m  INSERT INTO "urls" ("long", "counter") VALUES ($1, $2) RETURNING "id"  [["long", "Url 39"], ["counter", 39]]
  [1m[36m (0.4ms)[0m  [1mCOMMIT[0m
  [1m[35m (0.2ms)[0m  BEGIN
  [1m[36mSQL (0.3ms)[0m  [1mINSERT INTO "urls" ("long", "counter") VALUES ($1, $2) RETURNING "id"[0m  [["long", "Url 40"], ["counter", 40]]
  [1m[35m (0.4ms)[0m  COMMIT
  [1m[36m (0.2ms)[0m  [1mBEGIN[0m
  [1m[35mSQL (0.3ms)[0m  INSERT INTO "urls" ("long", "counter") VALUES ($1, $2) RETURNING "id"  [["long", "Url 41"], ["counter", 41]]
  [1m[36m (0.4ms)[0m  [1mCOMMIT[0m
  [1m[35m (0.2ms)[0m  BEGIN
  [1m[36mSQL (0.3ms)[0m  [1mINSERT INTO "urls" ("long", "counter") VALUES ($1, $2) RETURNING "id"[0m  [["long", "Url 42"], ["counter", 42]]
  [1m[35m (0.4ms)[0m  COMMIT
  [1m[36m (0.2ms)[0m  [1mBEGIN[0m
  [1m[35mSQL (0.3ms)[0m  INSERT INTO "urls" ("long", "counter") VALUES ($1, $2) RETURNING "id"  [["long", "Url 43"], ["counter", 43]]
  [1m[36m (0.4ms)[0m  [1mCOMMIT[0m
  [1m[35m (0.2ms)[0m  BEGIN
  [1m[36mSQL (0.3ms)[0m  [1mINSERT INTO "urls" ("long", "counter") VALUES ($1, $2) RETURNING "id"[0m  [["long", "Url 44"], ["counter", 44]]
  [1m[35m (0.3ms)[0m  COMMIT
  [1m[36m (0.1ms)[0m  [1mBEGIN[0m
  [1m[35mSQL (0.3ms)[0m  INSERT INTO "urls" ("long", "counter") VALUES ($1, $2) RETURNING "id"  [["long", "Url 45"], ["counter", 45]]
  [1m[36m (0.4ms)[0m  [1mCOMMIT[0m
  [1m[35m (0.1ms)[0m  BEGIN
  [1m[36mSQL (0.3ms)[0m  [1mINSERT INTO "urls" ("long", "counter") VALUES ($1, $2) RETURNING "id"[0m  [["long", "Url 46"], ["counter", 46]]
  [1m[35m (0.4ms)[0m  COMMIT
  [1m[36m (0.2ms)[0m  [1mBEGIN[0m
  [1m[35mSQL (0.3ms)[0m  INSERT INTO "urls" ("long", "counter") VALUES ($1, $2) RETURNING "id"  [["long", "Url 47"], ["counter", 47]]
  [1m[36m (0.4ms)[0m  [1mCOMMIT[0m
  [1m[35m (0.2ms)[0m  BEGIN
  [1m[36mSQL (0.3ms)[0m  [1mINSERT INTO "urls" ("long", "counter") VALUES ($1, $2) RETURNING "id"[0m  [["long", "Url 48"], ["counter", 48]]
  [1m[35m (0.4ms)[0m  COMMIT
  [1m[36m (0.2ms)[0m  [1mBEGIN[0m
  [1m[35mSQL (0.2ms)[0m  INSERT INTO "urls" ("long", "counter") VALUES ($1, $2) RETURNING "id"  [["long", "Url 49"], ["counter", 49]]
  [1m[36m (0.3ms)[0m  [1mCOMMIT[0m
  [1m[35m (0.1ms)[0m  BEGIN
  [1m[36mSQL (0.2ms)[0m  [1mINSERT INTO "urls" ("long", "counter") VALUES ($1, $2) RETURNING "id"[0m  [["long", "Url 50"], ["counter", 50]]
  [1m[35m (0.4ms)[0m  COMMIT
  [1m[36m (0.2ms)[0m  [1mBEGIN[0m
  [1m[35mSQL (0.2ms)[0m  INSERT INTO "urls" ("long", "counter") VALUES ($1, $2) RETURNING "id"  [["long", "Url 51"], ["counter", 51]]
  [1m[36m (0.4ms)[0m  [1mCOMMIT[0m
  [1m[35m (0.1ms)[0m  BEGIN
  [1m[36mSQL (0.3ms)[0m  [1mINSERT INTO "urls" ("long", "counter") VALUES ($1, $2) RETURNING "id"[0m  [["long", "Url 52"], ["counter", 52]]
  [1m[35m (0.4ms)[0m  COMMIT
  [1m[36m (0.1ms)[0m  [1mBEGIN[0m
  [1m[35mSQL (0.2ms)[0m  INSERT INTO "urls" ("long", "counter") VALUES ($1, $2) RETURNING "id"  [["long", "Url 53"], ["counter", 53]]
  [1m[36m (0.4ms)[0m  [1mCOMMIT[0m
  [1m[35m (0.1ms)[0m  BEGIN
  [1m[36mSQL (0.2ms)[0m  [1mINSERT INTO "urls" ("long", "counter") VALUES ($1, $2) RETURNING "id"[0m  [["long", "Url 54"], ["counter", 54]]
  [1m[35m (0.3ms)[0m  COMMIT
  [1m[36m (0.8ms)[0m  [1mBEGIN[0m
  [1m[35mSQL (0.3ms)[0m  INSERT INTO "urls" ("long", "counter") VALUES ($1, $2) RETURNING "id"  [["long", "Url 55"], ["counter", 55]]
  [1m[36m (0.4ms)[0m  [1mCOMMIT[0m
  [1m[35m (0.1ms)[0m  BEGIN
  [1m[36mSQL (0.2ms)[0m  [1mINSERT INTO "urls" ("long", "counter") VALUES ($1, $2) RETURNING "id"[0m  [["long", "Url 56"], ["counter", 56]]
  [1m[35m (0.4ms)[0m  COMMIT
  [1m[36m (0.1ms)[0m  [1mBEGIN[0m
  [1m[35mSQL (0.3ms)[0m  INSERT INTO "urls" ("long", "counter") VALUES ($1, $2) RETURNING "id"  [["long", "Url 57"], ["counter", 57]]
  [1m[36m (0.4ms)[0m  [1mCOMMIT[0m
  [1m[35m (0.2ms)[0m  BEGIN
  [1m[36mSQL (0.3ms)[0m  [1mINSERT INTO "urls" ("long", "counter") VALUES ($1, $2) RETURNING "id"[0m  [["long", "Url 58"], ["counter", 58]]
  [1m[35m (0.4ms)[0m  COMMIT
  [1m[36m (0.1ms)[0m  [1mBEGIN[0m
  [1m[35mSQL (0.3ms)[0m  INSERT INTO "urls" ("long", "counter") VALUES ($1, $2) RETURNING "id"  [["long", "Url 59"], ["counter", 59]]
  [1m[36m (0.4ms)[0m  [1mCOMMIT[0m
  [1m[35m (0.1ms)[0m  BEGIN
  [1m[36mSQL (0.2ms)[0m  [1mINSERT INTO "urls" ("long", "counter") VALUES ($1, $2) RETURNING "id"[0m  [["long", "Url 60"], ["counter", 60]]
  [1m[35m (0.3ms)[0m  COMMIT
  [1m[36m (0.1ms)[0m  [1mBEGIN[0m
  [1m[35mSQL (0.2ms)[0m  INSERT INTO "urls" ("long", "counter") VALUES ($1, $2) RETURNING "id"  [["long", "Url 61"], ["counter", 61]]
  [1m[36m (0.3ms)[0m  [1mCOMMIT[0m
  [1m[35m (0.1ms)[0m  BEGIN
  [1m[36mSQL (0.2ms)[0m  [1mINSERT INTO "urls" ("long", "counter") VALUES ($1, $2) RETURNING "id"[0m  [["long", "Url 62"], ["counter", 62]]
  [1m[35m (0.4ms)[0m  COMMIT
  [1m[36m (0.1ms)[0m  [1mBEGIN[0m
  [1m[35mSQL (0.3ms)[0m  INSERT INTO "urls" ("long", "counter") VALUES ($1, $2) RETURNING "id"  [["long", "Url 63"], ["counter", 63]]
  [1m[36m (0.3ms)[0m  [1mCOMMIT[0m
  [1m[35m (0.1ms)[0m  BEGIN
  [1m[36mSQL (0.2ms)[0m  [1mINSERT INTO "urls" ("long", "counter") VALUES ($1, $2) RETURNING "id"[0m  [["long", "Url 64"], ["counter", 64]]
  [1m[35m (0.4ms)[0m  COMMIT
  [1m[36m (0.2ms)[0m  [1mBEGIN[0m
  [1m[35mSQL (0.3ms)[0m  INSERT INTO "urls" ("long", "counter") VALUES ($1, $2) RETURNING "id"  [["long", "Url 65"], ["counter", 65]]
  [1m[36m (0.4ms)[0m  [1mCOMMIT[0m
  [1m[35m (0.1ms)[0m  BEGIN
  [1m[36mSQL (0.2ms)[0m  [1mINSERT INTO "urls" ("long", "counter") VALUES ($1, $2) RETURNING "id"[0m  [["long", "Url 66"], ["counter", 66]]
  [1m[35m (0.4ms)[0m  COMMIT
  [1m[36m (0.2ms)[0m  [1mBEGIN[0m
  [1m[35mSQL (0.3ms)[0m  INSERT INTO "urls" ("long", "counter") VALUES ($1, $2) RETURNING "id"  [["long", "Url 67"], ["counter", 67]]
  [1m[36m (0.4ms)[0m  [1mCOMMIT[0m
  [1m[35m (0.1ms)[0m  BEGIN
  [1m[36mSQL (0.3ms)[0m  [1mINSERT INTO "urls" ("long", "counter") VALUES ($1, $2) RETURNING "id"[0m  [["long", "Url 68"], ["counter", 68]]
  [1m[35m (0.4ms)[0m  COMMIT
  [1m[36m (0.2ms)[0m  [1mBEGIN[0m
  [1m[35mSQL (0.3ms)[0m  INSERT INTO "urls" ("long", "counter") VALUES ($1, $2) RETURNING "id"  [["long", "Url 69"], ["counter", 69]]
  [1m[36m (0.5ms)[0m  [1mCOMMIT[0m
  [1m[35m (0.2ms)[0m  BEGIN
  [1m[36mSQL (0.3ms)[0m  [1mINSERT INTO "urls" ("long", "counter") VALUES ($1, $2) RETURNING "id"[0m  [["long", "Url 70"], ["counter", 70]]
  [1m[35m (0.4ms)[0m  COMMIT
  [1m[36m (0.2ms)[0m  [1mBEGIN[0m
  [1m[35mSQL (0.3ms)[0m  INSERT INTO "urls" ("long", "counter") VALUES ($1, $2) RETURNING "id"  [["long", "Url 71"], ["counter", 71]]
  [1m[36m (0.4ms)[0m  [1mCOMMIT[0m
  [1m[35m (0.2ms)[0m  BEGIN
  [1m[36mSQL (0.3ms)[0m  [1mINSERT INTO "urls" ("long", "counter") VALUES ($1, $2) RETURNING "id"[0m  [["long", "Url 72"], ["counter", 72]]
  [1m[35m (0.5ms)[0m  COMMIT
  [1m[36m (0.2ms)[0m  [1mBEGIN[0m
  [1m[35mSQL (0.3ms)[0m  INSERT INTO "urls" ("long", "counter") VALUES ($1, $2) RETURNING "id"  [["long", "Url 73"], ["counter", 73]]
  [1m[36m (0.4ms)[0m  [1mCOMMIT[0m
  [1m[35m (0.2ms)[0m  BEGIN
  [1m[36mSQL (0.4ms)[0m  [1mINSERT INTO "urls" ("long", "counter") VALUES ($1, $2) RETURNING "id"[0m  [["long", "Url 74"], ["counter", 74]]
  [1m[35m (0.4ms)[0m  COMMIT
  [1m[36m (0.2ms)[0m  [1mBEGIN[0m
  [1m[35mSQL (0.3ms)[0m  INSERT INTO "urls" ("long", "counter") VALUES ($1, $2) RETURNING "id"  [["long", "Url 75"], ["counter", 75]]
  [1m[36m (0.4ms)[0m  [1mCOMMIT[0m
  [1m[35m (0.1ms)[0m  BEGIN
  [1m[36mSQL (0.3ms)[0m  [1mINSERT INTO "urls" ("long", "counter") VALUES ($1, $2) RETURNING "id"[0m  [["long", "Url 76"], ["counter", 76]]
  [1m[35m (0.4ms)[0m  COMMIT
  [1m[36m (0.2ms)[0m  [1mBEGIN[0m
  [1m[35mSQL (0.3ms)[0m  INSERT INTO "urls" ("long", "counter") VALUES ($1, $2) RETURNING "id"  [["long", "Url 77"], ["counter", 77]]
  [1m[36m (0.4ms)[0m  [1mCOMMIT[0m
  [1m[35m (0.2ms)[0m  BEGIN
  [1m[36mSQL (0.3ms)[0m  [1mINSERT INTO "urls" ("long", "counter") VALUES ($1, $2) RETURNING "id"[0m  [["long", "Url 78"], ["counter", 78]]
  [1m[35m (0.4ms)[0m  COMMIT
  [1m[36m (0.2ms)[0m  [1mBEGIN[0m
  [1m[35mSQL (0.3ms)[0m  INSERT INTO "urls" ("long", "counter") VALUES ($1, $2) RETURNING "id"  [["long", "Url 79"], ["counter", 79]]
  [1m[36m (0.4ms)[0m  [1mCOMMIT[0m
  [1m[35m (0.2ms)[0m  BEGIN
  [1m[36mSQL (0.3ms)[0m  [1mINSERT INTO "urls" ("long", "counter") VALUES ($1, $2) RETURNING "id"[0m  [["long", "Url 80"], ["counter", 80]]
  [1m[35m (0.4ms)[0m  COMMIT
  [1m[36m (0.2ms)[0m  [1mBEGIN[0m
  [1m[35mSQL (0.3ms)[0m  INSERT INTO "urls" ("long", "counter") VALUES ($1, $2) RETURNING "id"  [["long", "Url 81"], ["counter", 81]]
  [1m[36m (0.4ms)[0m  [1mCOMMIT[0m
  [1m[35m (0.2ms)[0m  BEGIN
  [1m[36mSQL (0.3ms)[0m  [1mINSERT INTO "urls" ("long", "counter") VALUES ($1, $2) RETURNING "id"[0m  [["long", "Url 82"], ["counter", 82]]
  [1m[35m (0.4ms)[0m  COMMIT
  [1m[36m (0.2ms)[0m  [1mBEGIN[0m
  [1m[35mSQL (0.3ms)[0m  INSERT INTO "urls" ("long", "counter") VALUES ($1, $2) RETURNING "id"  [["long", "Url 83"], ["counter", 83]]
  [1m[36m (0.4ms)[0m  [1mCOMMIT[0m
  [1m[35m (0.1ms)[0m  BEGIN
  [1m[36mSQL (0.3ms)[0m  [1mINSERT INTO "urls" ("long", "counter") VALUES ($1, $2) RETURNING "id"[0m  [["long", "Url 84"], ["counter", 84]]
  [1m[35m (0.4ms)[0m  COMMIT
  [1m[36m (0.2ms)[0m  [1mBEGIN[0m
  [1m[35mSQL (0.3ms)[0m  INSERT INTO "urls" ("long", "counter") VALUES ($1, $2) RETURNING "id"  [["long", "Url 85"], ["counter", 85]]
  [1m[36m (0.4ms)[0m  [1mCOMMIT[0m
  [1m[35m (0.2ms)[0m  BEGIN
  [1m[36mSQL (0.2ms)[0m  [1mINSERT INTO "urls" ("long", "counter") VALUES ($1, $2) RETURNING "id"[0m  [["long", "Url 86"], ["counter", 86]]
  [1m[35m (0.4ms)[0m  COMMIT
  [1m[36m (0.1ms)[0m  [1mBEGIN[0m
  [1m[35mSQL (0.3ms)[0m  INSERT INTO "urls" ("long", "counter") VALUES ($1, $2) RETURNING "id"  [["long", "Url 87"], ["counter", 87]]
  [1m[36m (0.4ms)[0m  [1mCOMMIT[0m
  [1m[35m (0.2ms)[0m  BEGIN
  [1m[36mSQL (0.3ms)[0m  [1mINSERT INTO "urls" ("long", "counter") VALUES ($1, $2) RETURNING "id"[0m  [["long", "Url 88"], ["counter", 88]]
  [1m[35m (0.4ms)[0m  COMMIT
  [1m[36m (0.2ms)[0m  [1mBEGIN[0m
  [1m[35mSQL (0.4ms)[0m  INSERT INTO "urls" ("long", "counter") VALUES ($1, $2) RETURNING "id"  [["long", "Url 89"], ["counter", 89]]
  [1m[36m (0.5ms)[0m  [1mCOMMIT[0m
  [1m[35m (0.1ms)[0m  BEGIN
  [1m[36mSQL (0.3ms)[0m  [1mINSERT INTO "urls" ("long", "counter") VALUES ($1, $2) RETURNING "id"[0m  [["long", "Url 90"], ["counter", 90]]
  [1m[35m (0.3ms)[0m  COMMIT
  [1m[36m (0.1ms)[0m  [1mBEGIN[0m
  [1m[35mSQL (0.2ms)[0m  INSERT INTO "urls" ("long", "counter") VALUES ($1, $2) RETURNING "id"  [["long", "Url 91"], ["counter", 91]]
  [1m[36m (0.3ms)[0m  [1mCOMMIT[0m
  [1m[35m (0.1ms)[0m  BEGIN
  [1m[36mSQL (0.2ms)[0m  [1mINSERT INTO "urls" ("long", "counter") VALUES ($1, $2) RETURNING "id"[0m  [["long", "Url 92"], ["counter", 92]]
  [1m[35m (0.3ms)[0m  COMMIT
  [1m[36m (0.1ms)[0m  [1mBEGIN[0m
  [1m[35mSQL (0.2ms)[0m  INSERT INTO "urls" ("long", "counter") VALUES ($1, $2) RETURNING "id"  [["long", "Url 93"], ["counter", 93]]
  [1m[36m (0.3ms)[0m  [1mCOMMIT[0m
  [1m[35m (0.2ms)[0m  BEGIN
  [1m[36mSQL (0.3ms)[0m  [1mINSERT INTO "urls" ("long", "counter") VALUES ($1, $2) RETURNING "id"[0m  [["long", "Url 94"], ["counter", 94]]
  [1m[35m (0.5ms)[0m  COMMIT
  [1m[36m (0.2ms)[0m  [1mBEGIN[0m
  [1m[35mSQL (0.3ms)[0m  INSERT INTO "urls" ("long", "counter") VALUES ($1, $2) RETURNING "id"  [["long", "Url 95"], ["counter", 95]]
  [1m[36m (0.4ms)[0m  [1mCOMMIT[0m
  [1m[35m (0.2ms)[0m  BEGIN
  [1m[36mSQL (0.3ms)[0m  [1mINSERT INTO "urls" ("long", "counter") VALUES ($1, $2) RETURNING "id"[0m  [["long", "Url 96"], ["counter", 96]]
  [1m[35m (0.4ms)[0m  COMMIT
  [1m[36m (0.1ms)[0m  [1mBEGIN[0m
  [1m[35mSQL (0.2ms)[0m  INSERT INTO "urls" ("long", "counter") VALUES ($1, $2) RETURNING "id"  [["long", "Url 97"], ["counter", 97]]
  [1m[36m (0.3ms)[0m  [1mCOMMIT[0m
  [1m[35m (0.2ms)[0m  BEGIN
  [1m[36mSQL (0.3ms)[0m  [1mINSERT INTO "urls" ("long", "counter") VALUES ($1, $2) RETURNING "id"[0m  [["long", "Url 98"], ["counter", 98]]
  [1m[35m (0.3ms)[0m  COMMIT
  [1m[36m (0.1ms)[0m  [1mBEGIN[0m
  [1m[35mSQL (0.3ms)[0m  INSERT INTO "urls" ("long", "counter") VALUES ($1, $2) RETURNING "id"  [["long", "Url 99"], ["counter", 99]]
  [1m[36m (0.3ms)[0m  [1mCOMMIT[0m
  [1m[35m (0.2ms)[0m  BEGIN
  [1m[36mSQL (0.1ms)[0m  [1mINSERT INTO "urls" ("long", "counter") VALUES ($1, $2) RETURNING "id"[0m  [["long", "Url 100"], ["counter", 100]]
  [1m[35m (0.3ms)[0m  COMMIT
  [1m[36m (0.1ms)[0m  [1mBEGIN[0m
  [1m[35mSQL (0.2ms)[0m  INSERT INTO "urls" ("long", "counter") VALUES ($1, $2) RETURNING "id"  [["long", "Url 101"], ["counter", 101]]
  [1m[36m (0.3ms)[0m  [1mCOMMIT[0m
  [1m[35m (0.1ms)[0m  BEGIN
  [1m[36mSQL (0.2ms)[0m  [1mINSERT INTO "urls" ("long", "counter") VALUES ($1, $2) RETURNING "id"[0m  [["long", "Url 102"], ["counter", 102]]
  [1m[35m (0.3ms)[0m  COMMIT
  [1m[36m (0.1ms)[0m  [1mBEGIN[0m
  [1m[35mSQL (0.2ms)[0m  INSERT INTO "urls" ("long", "counter") VALUES ($1, $2) RETURNING "id"  [["long", "Url 103"], ["counter", 103]]
  [1m[36m (0.3ms)[0m  [1mCOMMIT[0m
  [1m[35m (0.1ms)[0m  BEGIN
  [1m[36mSQL (0.3ms)[0m  [1mINSERT INTO "urls" ("long", "counter") VALUES ($1, $2) RETURNING "id"[0m  [["long", "Url 104"], ["counter", 104]]
  [1m[35m (0.3ms)[0m  COMMIT
  [1m[36m (0.2ms)[0m  [1mBEGIN[0m
  [1m[35mSQL (0.3ms)[0m  INSERT INTO "urls" ("long", "counter") VALUES ($1, $2) RETURNING "id"  [["long", "Url 105"], ["counter", 105]]
  [1m[36m (0.5ms)[0m  [1mCOMMIT[0m
  [1m[35m (0.1ms)[0m  BEGIN
  [1m[36mSQL (0.2ms)[0m  [1mINSERT INTO "urls" ("long", "counter") VALUES ($1, $2) RETURNING "id"[0m  [["long", "Url 106"], ["counter", 106]]
  [1m[35m (0.3ms)[0m  COMMIT
  [1m[36m (0.1ms)[0m  [1mBEGIN[0m
  [1m[35mSQL (0.2ms)[0m  INSERT INTO "urls" ("long", "counter") VALUES ($1, $2) RETURNING "id"  [["long", "Url 107"], ["counter", 107]]
  [1m[36m (0.3ms)[0m  [1mCOMMIT[0m
  [1m[35m (0.1ms)[0m  BEGIN
  [1m[36mSQL (0.2ms)[0m  [1mINSERT INTO "urls" ("long", "counter") VALUES ($1, $2) RETURNING "id"[0m  [["long", "Url 108"], ["counter", 108]]
  [1m[35m (0.3ms)[0m  COMMIT
  [1m[36m (0.1ms)[0m  [1mBEGIN[0m
  [1m[35mSQL (0.2ms)[0m  INSERT INTO "urls" ("long", "counter") VALUES ($1, $2) RETURNING "id"  [["long", "Url 109"], ["counter", 109]]
  [1m[36m (0.4ms)[0m  [1mCOMMIT[0m
  [1m[35m (0.2ms)[0m  BEGIN
  [1m[36mSQL (0.3ms)[0m  [1mINSERT INTO "urls" ("long", "counter") VALUES ($1, $2) RETURNING "id"[0m  [["long", "Url 110"], ["counter", 110]]
  [1m[35m (0.4ms)[0m  COMMIT
  [1m[36m (0.2ms)[0m  [1mBEGIN[0m
  [1m[35mSQL (0.3ms)[0m  INSERT INTO "urls" ("long", "counter") VALUES ($1, $2) RETURNING "id"  [["long", "Url 111"], ["counter", 111]]
  [1m[36m (0.3ms)[0m  [1mCOMMIT[0m
  [1m[35m (0.1ms)[0m  BEGIN
  [1m[36mSQL (0.2ms)[0m  [1mINSERT INTO "urls" ("long", "counter") VALUES ($1, $2) RETURNING "id"[0m  [["long", "Url 112"], ["counter", 112]]
  [1m[35m (0.4ms)[0m  COMMIT
  [1m[36m (0.2ms)[0m  [1mBEGIN[0m
  [1m[35mSQL (0.2ms)[0m  INSERT INTO "urls" ("long", "counter") VALUES ($1, $2) RETURNING "id"  [["long", "Url 113"], ["counter", 113]]
  [1m[36m (0.4ms)[0m  [1mCOMMIT[0m
  [1m[35m (0.2ms)[0m  BEGIN
  [1m[36mSQL (0.3ms)[0m  [1mINSERT INTO "urls" ("long", "counter") VALUES ($1, $2) RETURNING "id"[0m  [["long", "Url 114"], ["counter", 114]]
  [1m[35m (0.4ms)[0m  COMMIT
  [1m[36m (0.1ms)[0m  [1mBEGIN[0m
  [1m[35mSQL (0.3ms)[0m  INSERT INTO "urls" ("long", "counter") VALUES ($1, $2) RETURNING "id"  [["long", "Url 115"], ["counter", 115]]
  [1m[36m (0.4ms)[0m  [1mCOMMIT[0m
  [1m[35m (0.2ms)[0m  BEGIN
  [1m[36mSQL (0.3ms)[0m  [1mINSERT INTO "urls" ("long", "counter") VALUES ($1, $2) RETURNING "id"[0m  [["long", "Url 116"], ["counter", 116]]
  [1m[35m (0.3ms)[0m  COMMIT
  [1m[36m (0.2ms)[0m  [1mBEGIN[0m
  [1m[35mSQL (0.2ms)[0m  INSERT INTO "urls" ("long", "counter") VALUES ($1, $2) RETURNING "id"  [["long", "Url 117"], ["counter", 117]]
  [1m[36m (0.3ms)[0m  [1mCOMMIT[0m
  [1m[35m (0.1ms)[0m  BEGIN
  [1m[36mSQL (0.3ms)[0m  [1mINSERT INTO "urls" ("long", "counter") VALUES ($1, $2) RETURNING "id"[0m  [["long", "Url 118"], ["counter", 118]]
  [1m[35m (0.3ms)[0m  COMMIT
  [1m[36m (0.1ms)[0m  [1mBEGIN[0m
  [1m[35mSQL (0.3ms)[0m  INSERT INTO "urls" ("long", "counter") VALUES ($1, $2) RETURNING "id"  [["long", "Url 119"], ["counter", 119]]
  [1m[36m (0.3ms)[0m  [1mCOMMIT[0m
  [1m[35m (0.1ms)[0m  BEGIN
  [1m[36mSQL (0.3ms)[0m  [1mINSERT INTO "urls" ("long", "counter") VALUES ($1, $2) RETURNING "id"[0m  [["long", "Url 120"], ["counter", 120]]
  [1m[35m (0.6ms)[0m  COMMIT
  [1m[36m (0.1ms)[0m  [1mBEGIN[0m
  [1m[35mSQL (0.3ms)[0m  INSERT INTO "urls" ("long", "counter") VALUES ($1, $2) RETURNING "id"  [["long", "Url 121"], ["counter", 121]]
  [1m[36m (0.3ms)[0m  [1mCOMMIT[0m
  [1m[35m (0.1ms)[0m  BEGIN
  [1m[36mSQL (0.2ms)[0m  [1mINSERT INTO "urls" ("long", "counter") VALUES ($1, $2) RETURNING "id"[0m  [["long", "Url 122"], ["counter", 122]]
  [1m[35m (0.3ms)[0m  COMMIT
  [1m[36m (0.1ms)[0m  [1mBEGIN[0m
  [1m[35mSQL (0.2ms)[0m  INSERT INTO "urls" ("long", "counter") VALUES ($1, $2) RETURNING "id"  [["long", "Url 123"], ["counter", 123]]
  [1m[36m (0.3ms)[0m  [1mCOMMIT[0m
  [1m[35m (0.1ms)[0m  BEGIN
  [1m[36mSQL (0.2ms)[0m  [1mINSERT INTO "urls" ("long", "counter") VALUES ($1, $2) RETURNING "id"[0m  [["long", "Url 124"], ["counter", 124]]
  [1m[35m (0.3ms)[0m  COMMIT
  [1m[36m (0.1ms)[0m  [1mBEGIN[0m
  [1m[35mSQL (0.2ms)[0m  INSERT INTO "urls" ("long", "counter") VALUES ($1, $2) RETURNING "id"  [["long", "Url 125"], ["counter", 125]]
  [1m[36m (0.3ms)[0m  [1mCOMMIT[0m
  [1m[35m (0.1ms)[0m  BEGIN
  [1m[36mSQL (0.2ms)[0m  [1mINSERT INTO "urls" ("long", "counter") VALUES ($1, $2) RETURNING "id"[0m  [["long", "Url 126"], ["counter", 126]]
  [1m[35m (0.3ms)[0m  COMMIT
  [1m[36m (0.1ms)[0m  [1mBEGIN[0m
  [1m[35mSQL (0.2ms)[0m  INSERT INTO "urls" ("long", "counter") VALUES ($1, $2) RETURNING "id"  [["long", "Url 127"], ["counter", 127]]
  [1m[36m (0.3ms)[0m  [1mCOMMIT[0m


Started GET "/" for 127.0.0.1 at 2015-02-03 16:05:36 +0100
  [1m[36mActiveRecord::SchemaMigration Load (0.6ms)[0m  [1mSELECT "schema_migrations".* FROM "schema_migrations"[0m
Processing by SiteController#home as HTML
  Rendered site/home.html.erb within layouts/application (6.2ms)
Completed 500 Internal Server Error in 31ms

ActionView::Template::Error (undefined method `each' for nil:NilClass):
    1: <h1>List of grabbed URLs</h1>
    2: <ul>
    3:   <% @urls.each do |p| %>
    4:     <li>
    5:       <%="#{p.id} has ben used #{p.counter} times. #{p.long}" %>
    6:     </li>
  app/views/site/home.html.erb:3:in `_app_views_site_home_html_erb__2203241657452984622_70248999119200'


  Rendered /home/tiago/.rbenv/versions/2.1.2/lib/ruby/gems/2.1.0/gems/web-console-2.0.0/lib/action_dispatch/templates/rescues/_source.erb (7.9ms)
  Rendered /home/tiago/.rbenv/versions/2.1.2/lib/ruby/gems/2.1.0/gems/web-console-2.0.0/lib/action_dispatch/templates/rescues/_trace.html.erb (4.1ms)
  Rendered /home/tiago/.rbenv/versions/2.1.2/lib/ruby/gems/2.1.0/gems/web-console-2.0.0/lib/action_dispatch/templates/rescues/_request_and_response.html.erb (1.3ms)
  Rendered /home/tiago/.rbenv/versions/2.1.2/lib/ruby/gems/2.1.0/gems/web-console-2.0.0/lib/action_dispatch/templates/rescues/_web_console.html.erb (1.1ms)
  Rendered /home/tiago/.rbenv/versions/2.1.2/lib/ruby/gems/2.1.0/gems/web-console-2.0.0/lib/action_dispatch/templates/rescues/template_error.html.erb within rescues/layout (32.1ms)


Started GET "/" for 127.0.0.1 at 2015-02-03 16:05:37 +0100
Processing by SiteController#home as HTML
  Rendered site/home.html.erb within layouts/application (2.2ms)
Completed 500 Internal Server Error in 5ms

ActionView::Template::Error (undefined method `each' for nil:NilClass):
    1: <h1>List of grabbed URLs</h1>
    2: <ul>
    3:   <% @urls.each do |p| %>
    4:     <li>
    5:       <%="#{p.id} has ben used #{p.counter} times. #{p.long}" %>
    6:     </li>
  app/views/site/home.html.erb:3:in `_app_views_site_home_html_erb__2203241657452984622_70248999119200'


  Rendered /home/tiago/.rbenv/versions/2.1.2/lib/ruby/gems/2.1.0/gems/web-console-2.0.0/lib/action_dispatch/templates/rescues/_source.erb (9.5ms)
  Rendered /home/tiago/.rbenv/versions/2.1.2/lib/ruby/gems/2.1.0/gems/web-console-2.0.0/lib/action_dispatch/templates/rescues/_trace.html.erb (3.4ms)
  Rendered /home/tiago/.rbenv/versions/2.1.2/lib/ruby/gems/2.1.0/gems/web-console-2.0.0/lib/action_dispatch/templates/rescues/_request_and_response.html.erb (1.2ms)
  Rendered /home/tiago/.rbenv/versions/2.1.2/lib/ruby/gems/2.1.0/gems/web-console-2.0.0/lib/action_dispatch/templates/rescues/_web_console.html.erb (0.9ms)
  Rendered /home/tiago/.rbenv/versions/2.1.2/lib/ruby/gems/2.1.0/gems/web-console-2.0.0/lib/action_dispatch/templates/rescues/template_error.html.erb within rescues/layout (32.9ms)


Started GET "/" for 127.0.0.1 at 2015-02-03 16:05:53 +0100
Processing by SiteController#home as HTML
  Rendered site/home.html.erb within layouts/application (3.1ms)
Completed 500 Internal Server Error in 7ms

ActionView::Template::Error (undefined method `each' for nil:NilClass):
    1: <h1>List of grabbed URLs</h1>
    2: <ul>
    3: <!--   <% @urls.each do |p| %>
    4:     <li>
    5:       <%="#{p.id} has ben used #{p.counter} times. #{p.long}" %>
    6:     </li>
  app/views/site/home.html.erb:3:in `_app_views_site_home_html_erb__2203241657452984622_70248602430680'


  Rendered /home/tiago/.rbenv/versions/2.1.2/lib/ruby/gems/2.1.0/gems/web-console-2.0.0/lib/action_dispatch/templates/rescues/_source.erb (8.9ms)
  Rendered /home/tiago/.rbenv/versions/2.1.2/lib/ruby/gems/2.1.0/gems/web-console-2.0.0/lib/action_dispatch/templates/rescues/_trace.html.erb (5.1ms)
  Rendered /home/tiago/.rbenv/versions/2.1.2/lib/ruby/gems/2.1.0/gems/web-console-2.0.0/lib/action_dispatch/templates/rescues/_request_and_response.html.erb (1.6ms)
  Rendered /home/tiago/.rbenv/versions/2.1.2/lib/ruby/gems/2.1.0/gems/web-console-2.0.0/lib/action_dispatch/templates/rescues/_web_console.html.erb (1.1ms)
  Rendered /home/tiago/.rbenv/versions/2.1.2/lib/ruby/gems/2.1.0/gems/web-console-2.0.0/lib/action_dispatch/templates/rescues/template_error.html.erb within rescues/layout (36.8ms)


Started GET "/" for 127.0.0.1 at 2015-02-03 16:06:12 +0100
Processing by SiteController#home as HTML
  Rendered site/home.html.erb within layouts/application (3.8ms)
Completed 500 Internal Server Error in 7ms

ActionView::Template::Error (undefined method `each' for nil:NilClass):
    1: <h1>List of grabbed URLs</h1>
    2: <ul>
    3: <!--   <% @urls.each do |p| %>
    4:     <li>
    5:       <%="#{p.id} has ben used #{p.counter} times. #{p.long}" %>
    6:     </li>
  app/views/site/home.html.erb:3:in `_app_views_site_home_html_erb__2203241657452984622_70248600042840'


  Rendered /home/tiago/.rbenv/versions/2.1.2/lib/ruby/gems/2.1.0/gems/web-console-2.0.0/lib/action_dispatch/templates/rescues/_source.erb (11.1ms)
  Rendered /home/tiago/.rbenv/versions/2.1.2/lib/ruby/gems/2.1.0/gems/web-console-2.0.0/lib/action_dispatch/templates/rescues/_trace.html.erb (4.6ms)
  Rendered /home/tiago/.rbenv/versions/2.1.2/lib/ruby/gems/2.1.0/gems/web-console-2.0.0/lib/action_dispatch/templates/rescues/_request_and_response.html.erb (1.5ms)
  Rendered /home/tiago/.rbenv/versions/2.1.2/lib/ruby/gems/2.1.0/gems/web-console-2.0.0/lib/action_dispatch/templates/rescues/_web_console.html.erb (1.5ms)
  Rendered /home/tiago/.rbenv/versions/2.1.2/lib/ruby/gems/2.1.0/gems/web-console-2.0.0/lib/action_dispatch/templates/rescues/template_error.html.erb within rescues/layout (42.7ms)


Started GET "/" for 127.0.0.1 at 2015-02-03 16:06:48 +0100
Processing by SiteController#home as HTML
  Rendered site/home.html.erb within layouts/application (1.8ms)
Completed 500 Internal Server Error in 6ms

SyntaxError (/home/tiago/dev/ironhack/rails/url_shortener/app/views/site/home.html.erb:6: syntax error, unexpected '<'
    </li>
     ^
/home/tiago/dev/ironhack/rails/url_shortener/app/views/site/home.html.erb:8: unknown regexp option - l
/home/tiago/dev/ironhack/rails/url_shortener/app/views/site/home.html.erb:9: unterminated string meets end of file
/home/tiago/dev/ironhack/rails/url_shortener/app/views/site/home.html.erb:9: syntax error, unexpected end-of-input, expecting ')'):
  app/views/site/home.html.erb:6: syntax error, unexpected '<'
  app/views/site/home.html.erb:8: unknown regexp option - l
  app/views/site/home.html.erb:9: unterminated string meets end of file
  app/views/site/home.html.erb:9: syntax error, unexpected end-of-input, expecting ')'


  Rendered /home/tiago/.rbenv/versions/2.1.2/lib/ruby/gems/2.1.0/gems/web-console-2.0.0/lib/action_dispatch/templates/rescues/_source.erb (13.4ms)
  Rendered /home/tiago/.rbenv/versions/2.1.2/lib/ruby/gems/2.1.0/gems/web-console-2.0.0/lib/action_dispatch/templates/rescues/_trace.html.erb (5.0ms)
  Rendered /home/tiago/.rbenv/versions/2.1.2/lib/ruby/gems/2.1.0/gems/web-console-2.0.0/lib/action_dispatch/templates/rescues/_request_and_response.html.erb (1.4ms)
  Rendered /home/tiago/.rbenv/versions/2.1.2/lib/ruby/gems/2.1.0/gems/web-console-2.0.0/lib/action_dispatch/templates/rescues/_web_console.html.erb (1.5ms)
  Rendered /home/tiago/.rbenv/versions/2.1.2/lib/ruby/gems/2.1.0/gems/web-console-2.0.0/lib/action_dispatch/templates/rescues/diagnostics.html.erb within rescues/layout (45.6ms)


Started GET "/" for 127.0.0.1 at 2015-02-03 16:08:08 +0100
Processing by SiteController#home as HTML
  Rendered site/home.html.erb within layouts/application (0.4ms)
Completed 200 OK in 740ms (Views: 739.5ms | ActiveRecord: 0.0ms)


Started GET "/assets/application-79e1233a68e5fdd328d8a2ea17ddef8a.js?body=1" for 127.0.0.1 at 2015-02-03 16:08:09 +0100


Started GET "/assets/site-64e62ddc273c2f5847f30d698ca14b67.css?body=1" for 127.0.0.1 at 2015-02-03 16:08:09 +0100


Started GET "/assets/application-9785eab88e1b8b9be7784252c1b9f437.css?body=1" for 127.0.0.1 at 2015-02-03 16:08:09 +0100


Started GET "/assets/jquery-87424c3c19e96d4fb033c10ebe21ec40.js?body=1" for 127.0.0.1 at 2015-02-03 16:08:09 +0100


Started GET "/assets/site-fcec5b5a277ac7c20cc9f45a209a3bcd.js?body=1" for 127.0.0.1 at 2015-02-03 16:08:09 +0100


Started GET "/assets/jquery_ujs-e27bd20a10d28155845a22d71ef94f2f.js?body=1" for 127.0.0.1 at 2015-02-03 16:08:09 +0100


Started GET "/assets/turbolinks-da8ddad9c2c5483d4c5c30c1ce325253.js?body=1" for 127.0.0.1 at 2015-02-03 16:08:09 +0100


Started GET "/" for 127.0.0.1 at 2015-02-03 16:08:42 +0100
Processing by SiteController#home as HTML
  Rendered site/home.html.erb within layouts/application (0.1ms)
Completed 200 OK in 84ms (Views: 83.0ms | ActiveRecord: 0.0ms)


Started GET "/assets/application-9785eab88e1b8b9be7784252c1b9f437.css?body=1" for 127.0.0.1 at 2015-02-03 16:08:43 +0100


Started GET "/assets/site-64e62ddc273c2f5847f30d698ca14b67.css?body=1" for 127.0.0.1 at 2015-02-03 16:08:43 +0100


Started GET "/assets/jquery-87424c3c19e96d4fb033c10ebe21ec40.js?body=1" for 127.0.0.1 at 2015-02-03 16:08:43 +0100


Started GET "/assets/site-fcec5b5a277ac7c20cc9f45a209a3bcd.js?body=1" for 127.0.0.1 at 2015-02-03 16:08:43 +0100


Started GET "/assets/turbolinks-da8ddad9c2c5483d4c5c30c1ce325253.js?body=1" for 127.0.0.1 at 2015-02-03 16:08:43 +0100


Started GET "/assets/jquery_ujs-e27bd20a10d28155845a22d71ef94f2f.js?body=1" for 127.0.0.1 at 2015-02-03 16:08:43 +0100


Started GET "/assets/application-79e1233a68e5fdd328d8a2ea17ddef8a.js?body=1" for 127.0.0.1 at 2015-02-03 16:08:43 +0100


Started GET "/" for 127.0.0.1 at 2015-02-03 16:09:21 +0100
Processing by SiteController#home as HTML
  Rendered site/home.html.erb within layouts/application (0.1ms)
Completed 200 OK in 88ms (Views: 87.5ms | ActiveRecord: 0.0ms)


Started GET "/assets/application-9785eab88e1b8b9be7784252c1b9f437.css?body=1" for 127.0.0.1 at 2015-02-03 16:09:21 +0100


Started GET "/assets/jquery-87424c3c19e96d4fb033c10ebe21ec40.js?body=1" for 127.0.0.1 at 2015-02-03 16:09:21 +0100


Started GET "/assets/site-64e62ddc273c2f5847f30d698ca14b67.css?body=1" for 127.0.0.1 at 2015-02-03 16:09:21 +0100


Started GET "/assets/jquery_ujs-e27bd20a10d28155845a22d71ef94f2f.js?body=1" for 127.0.0.1 at 2015-02-03 16:09:21 +0100


Started GET "/assets/turbolinks-da8ddad9c2c5483d4c5c30c1ce325253.js?body=1" for 127.0.0.1 at 2015-02-03 16:09:21 +0100


Started GET "/assets/application-79e1233a68e5fdd328d8a2ea17ddef8a.js?body=1" for 127.0.0.1 at 2015-02-03 16:09:21 +0100


Started GET "/assets/site-fcec5b5a277ac7c20cc9f45a209a3bcd.js?body=1" for 127.0.0.1 at 2015-02-03 16:09:21 +0100


Started GET "/" for 127.0.0.1 at 2015-02-03 16:09:59 +0100
Processing by SiteController#home as HTML
  Rendered site/home.html.erb within layouts/application (0.1ms)
Completed 200 OK in 62ms (Views: 60.9ms | ActiveRecord: 0.0ms)


Started GET "/assets/application-9785eab88e1b8b9be7784252c1b9f437.css?body=1" for 127.0.0.1 at 2015-02-03 16:09:59 +0100


Started GET "/assets/jquery-87424c3c19e96d4fb033c10ebe21ec40.js?body=1" for 127.0.0.1 at 2015-02-03 16:09:59 +0100


Started GET "/assets/turbolinks-da8ddad9c2c5483d4c5c30c1ce325253.js?body=1" for 127.0.0.1 at 2015-02-03 16:09:59 +0100


Started GET "/assets/jquery_ujs-e27bd20a10d28155845a22d71ef94f2f.js?body=1" for 127.0.0.1 at 2015-02-03 16:09:59 +0100


Started GET "/assets/site-64e62ddc273c2f5847f30d698ca14b67.css?body=1" for 127.0.0.1 at 2015-02-03 16:09:59 +0100


Started GET "/assets/site-fcec5b5a277ac7c20cc9f45a209a3bcd.js?body=1" for 127.0.0.1 at 2015-02-03 16:09:59 +0100


Started GET "/assets/application-79e1233a68e5fdd328d8a2ea17ddef8a.js?body=1" for 127.0.0.1 at 2015-02-03 16:09:59 +0100


Started GET "/" for 127.0.0.1 at 2015-02-03 16:10:30 +0100
Processing by SiteController#home as HTML
  Rendered site/home.html.erb within layouts/application (0.1ms)
Completed 200 OK in 98ms (Views: 96.9ms | ActiveRecord: 0.0ms)


Started GET "/assets/site-64e62ddc273c2f5847f30d698ca14b67.css?body=1" for 127.0.0.1 at 2015-02-03 16:10:31 +0100


Started GET "/assets/application-9785eab88e1b8b9be7784252c1b9f437.css?body=1" for 127.0.0.1 at 2015-02-03 16:10:31 +0100


Started GET "/assets/application-79e1233a68e5fdd328d8a2ea17ddef8a.js?body=1" for 127.0.0.1 at 2015-02-03 16:10:31 +0100


Started GET "/assets/site-fcec5b5a277ac7c20cc9f45a209a3bcd.js?body=1" for 127.0.0.1 at 2015-02-03 16:10:31 +0100


Started GET "/assets/jquery_ujs-e27bd20a10d28155845a22d71ef94f2f.js?body=1" for 127.0.0.1 at 2015-02-03 16:10:31 +0100


Started GET "/assets/turbolinks-da8ddad9c2c5483d4c5c30c1ce325253.js?body=1" for 127.0.0.1 at 2015-02-03 16:10:31 +0100


Started GET "/assets/jquery-87424c3c19e96d4fb033c10ebe21ec40.js?body=1" for 127.0.0.1 at 2015-02-03 16:10:31 +0100


Started GET "/" for 127.0.0.1 at 2015-02-03 16:16:59 +0100
Processing by SiteController#home as HTML
  Rendered site/home.html.erb within layouts/application (0.6ms)
Completed 200 OK in 290ms (Views: 289.5ms | ActiveRecord: 0.0ms)


Started GET "/assets/application-9785eab88e1b8b9be7784252c1b9f437.css?body=1" for 127.0.0.1 at 2015-02-03 16:17:00 +0100


Started GET "/assets/jquery-87424c3c19e96d4fb033c10ebe21ec40.js?body=1" for 127.0.0.1 at 2015-02-03 16:17:00 +0100


Started GET "/assets/site-64e62ddc273c2f5847f30d698ca14b67.css?body=1" for 127.0.0.1 at 2015-02-03 16:17:00 +0100


Started GET "/assets/url-64e62ddc273c2f5847f30d698ca14b67.css?body=1" for 127.0.0.1 at 2015-02-03 16:17:00 +0100


Started GET "/assets/jquery_ujs-e27bd20a10d28155845a22d71ef94f2f.js?body=1" for 127.0.0.1 at 2015-02-03 16:17:00 +0100


Started GET "/assets/turbolinks-da8ddad9c2c5483d4c5c30c1ce325253.js?body=1" for 127.0.0.1 at 2015-02-03 16:17:00 +0100


Started GET "/assets/site-fcec5b5a277ac7c20cc9f45a209a3bcd.js?body=1" for 127.0.0.1 at 2015-02-03 16:17:00 +0100


Started GET "/assets/url-fcec5b5a277ac7c20cc9f45a209a3bcd.js?body=1" for 127.0.0.1 at 2015-02-03 16:17:00 +0100


Started GET "/assets/application-322efd85de1e19784a5dc35312bc9882.js?body=1" for 127.0.0.1 at 2015-02-03 16:17:00 +0100


Started GET "/index" for 127.0.0.1 at 2015-02-03 16:17:06 +0100

ActionController::RoutingError (No route matches [GET] "/index"):
  web-console (2.0.0) lib/action_dispatch/debug_exceptions.rb:22:in `middleware_call'
  web-console (2.0.0) lib/action_dispatch/debug_exceptions.rb:13:in `call'
  actionpack (4.2.0) lib/action_dispatch/middleware/show_exceptions.rb:30:in `call'
  railties (4.2.0) lib/rails/rack/logger.rb:38:in `call_app'
  railties (4.2.0) lib/rails/rack/logger.rb:20:in `block in call'
  activesupport (4.2.0) lib/active_support/tagged_logging.rb:68:in `block in tagged'
  activesupport (4.2.0) lib/active_support/tagged_logging.rb:26:in `tagged'
  activesupport (4.2.0) lib/active_support/tagged_logging.rb:68:in `tagged'
  railties (4.2.0) lib/rails/rack/logger.rb:20:in `call'
  actionpack (4.2.0) lib/action_dispatch/middleware/request_id.rb:21:in `call'
  rack (1.6.0) lib/rack/methodoverride.rb:22:in `call'
  rack (1.6.0) lib/rack/runtime.rb:18:in `call'
  activesupport (4.2.0) lib/active_support/cache/strategy/local_cache_middleware.rb:28:in `call'
  rack (1.6.0) lib/rack/lock.rb:17:in `call'
  actionpack (4.2.0) lib/action_dispatch/middleware/static.rb:113:in `call'
  rack (1.6.0) lib/rack/sendfile.rb:113:in `call'
  railties (4.2.0) lib/rails/engine.rb:518:in `call'
  railties (4.2.0) lib/rails/application.rb:164:in `call'
  rack (1.6.0) lib/rack/lock.rb:17:in `call'
  rack (1.6.0) lib/rack/content_length.rb:15:in `call'
  rack (1.6.0) lib/rack/handler/webrick.rb:89:in `service'
  /home/tiago/.rbenv/versions/2.1.2/lib/ruby/2.1.0/webrick/httpserver.rb:138:in `service'
  /home/tiago/.rbenv/versions/2.1.2/lib/ruby/2.1.0/webrick/httpserver.rb:94:in `run'
  /home/tiago/.rbenv/versions/2.1.2/lib/ruby/2.1.0/webrick/server.rb:295:in `block in start_thread'


  Rendered /home/tiago/.rbenv/versions/2.1.2/lib/ruby/gems/2.1.0/gems/web-console-2.0.0/lib/action_dispatch/templates/rescues/_trace.html.erb (1.8ms)
  Rendered /home/tiago/.rbenv/versions/2.1.2/lib/ruby/gems/2.1.0/gems/web-console-2.0.0/lib/action_dispatch/templates/routes/_route.html.erb (1.0ms)
  Rendered /home/tiago/.rbenv/versions/2.1.2/lib/ruby/gems/2.1.0/gems/web-console-2.0.0/lib/action_dispatch/templates/routes/_table.html.erb (10.0ms)
  Rendered /home/tiago/.rbenv/versions/2.1.2/lib/ruby/gems/2.1.0/gems/web-console-2.0.0/lib/action_dispatch/templates/rescues/_request_and_response.html.erb (2.1ms)
  Rendered /home/tiago/.rbenv/versions/2.1.2/lib/ruby/gems/2.1.0/gems/web-console-2.0.0/lib/action_dispatch/templates/rescues/_web_console.html.erb (1.7ms)
  Rendered /home/tiago/.rbenv/versions/2.1.2/lib/ruby/gems/2.1.0/gems/web-console-2.0.0/lib/action_dispatch/templates/rescues/routing_error.html.erb within rescues/layout (43.3ms)


Started GET "/index" for 127.0.0.1 at 2015-02-03 16:18:02 +0100

ActionController::RoutingError (No route matches [GET] "/index"):
  web-console (2.0.0) lib/action_dispatch/debug_exceptions.rb:22:in `middleware_call'
  web-console (2.0.0) lib/action_dispatch/debug_exceptions.rb:13:in `call'
  actionpack (4.2.0) lib/action_dispatch/middleware/show_exceptions.rb:30:in `call'
  railties (4.2.0) lib/rails/rack/logger.rb:38:in `call_app'
  railties (4.2.0) lib/rails/rack/logger.rb:20:in `block in call'
  activesupport (4.2.0) lib/active_support/tagged_logging.rb:68:in `block in tagged'
  activesupport (4.2.0) lib/active_support/tagged_logging.rb:26:in `tagged'
  activesupport (4.2.0) lib/active_support/tagged_logging.rb:68:in `tagged'
  railties (4.2.0) lib/rails/rack/logger.rb:20:in `call'
  actionpack (4.2.0) lib/action_dispatch/middleware/request_id.rb:21:in `call'
  rack (1.6.0) lib/rack/methodoverride.rb:22:in `call'
  rack (1.6.0) lib/rack/runtime.rb:18:in `call'
  activesupport (4.2.0) lib/active_support/cache/strategy/local_cache_middleware.rb:28:in `call'
  rack (1.6.0) lib/rack/lock.rb:17:in `call'
  actionpack (4.2.0) lib/action_dispatch/middleware/static.rb:113:in `call'
  rack (1.6.0) lib/rack/sendfile.rb:113:in `call'
  railties (4.2.0) lib/rails/engine.rb:518:in `call'
  railties (4.2.0) lib/rails/application.rb:164:in `call'
  rack (1.6.0) lib/rack/lock.rb:17:in `call'
  rack (1.6.0) lib/rack/content_length.rb:15:in `call'
  rack (1.6.0) lib/rack/handler/webrick.rb:89:in `service'
  /home/tiago/.rbenv/versions/2.1.2/lib/ruby/2.1.0/webrick/httpserver.rb:138:in `service'
  /home/tiago/.rbenv/versions/2.1.2/lib/ruby/2.1.0/webrick/httpserver.rb:94:in `run'
  /home/tiago/.rbenv/versions/2.1.2/lib/ruby/2.1.0/webrick/server.rb:295:in `block in start_thread'


  Rendered /home/tiago/.rbenv/versions/2.1.2/lib/ruby/gems/2.1.0/gems/web-console-2.0.0/lib/action_dispatch/templates/rescues/_trace.html.erb (1.6ms)
  Rendered /home/tiago/.rbenv/versions/2.1.2/lib/ruby/gems/2.1.0/gems/web-console-2.0.0/lib/action_dispatch/templates/routes/_route.html.erb (0.8ms)
  Rendered /home/tiago/.rbenv/versions/2.1.2/lib/ruby/gems/2.1.0/gems/web-console-2.0.0/lib/action_dispatch/templates/routes/_table.html.erb (1.4ms)
  Rendered /home/tiago/.rbenv/versions/2.1.2/lib/ruby/gems/2.1.0/gems/web-console-2.0.0/lib/action_dispatch/templates/rescues/_request_and_response.html.erb (1.4ms)
  Rendered /home/tiago/.rbenv/versions/2.1.2/lib/ruby/gems/2.1.0/gems/web-console-2.0.0/lib/action_dispatch/templates/rescues/_web_console.html.erb (1.4ms)
  Rendered /home/tiago/.rbenv/versions/2.1.2/lib/ruby/gems/2.1.0/gems/web-console-2.0.0/lib/action_dispatch/templates/rescues/routing_error.html.erb within rescues/layout (27.6ms)


Started GET "/index" for 127.0.0.1 at 2015-02-03 16:19:14 +0100

ActionController::RoutingError (No route matches [GET] "/index"):
  web-console (2.0.0) lib/action_dispatch/debug_exceptions.rb:22:in `middleware_call'
  web-console (2.0.0) lib/action_dispatch/debug_exceptions.rb:13:in `call'
  actionpack (4.2.0) lib/action_dispatch/middleware/show_exceptions.rb:30:in `call'
  railties (4.2.0) lib/rails/rack/logger.rb:38:in `call_app'
  railties (4.2.0) lib/rails/rack/logger.rb:20:in `block in call'
  activesupport (4.2.0) lib/active_support/tagged_logging.rb:68:in `block in tagged'
  activesupport (4.2.0) lib/active_support/tagged_logging.rb:26:in `tagged'
  activesupport (4.2.0) lib/active_support/tagged_logging.rb:68:in `tagged'
  railties (4.2.0) lib/rails/rack/logger.rb:20:in `call'
  actionpack (4.2.0) lib/action_dispatch/middleware/request_id.rb:21:in `call'
  rack (1.6.0) lib/rack/methodoverride.rb:22:in `call'
  rack (1.6.0) lib/rack/runtime.rb:18:in `call'
  activesupport (4.2.0) lib/active_support/cache/strategy/local_cache_middleware.rb:28:in `call'
  rack (1.6.0) lib/rack/lock.rb:17:in `call'
  actionpack (4.2.0) lib/action_dispatch/middleware/static.rb:113:in `call'
  rack (1.6.0) lib/rack/sendfile.rb:113:in `call'
  railties (4.2.0) lib/rails/engine.rb:518:in `call'
  railties (4.2.0) lib/rails/application.rb:164:in `call'
  rack (1.6.0) lib/rack/lock.rb:17:in `call'
  rack (1.6.0) lib/rack/content_length.rb:15:in `call'
  rack (1.6.0) lib/rack/handler/webrick.rb:89:in `service'
  /home/tiago/.rbenv/versions/2.1.2/lib/ruby/2.1.0/webrick/httpserver.rb:138:in `service'
  /home/tiago/.rbenv/versions/2.1.2/lib/ruby/2.1.0/webrick/httpserver.rb:94:in `run'
  /home/tiago/.rbenv/versions/2.1.2/lib/ruby/2.1.0/webrick/server.rb:295:in `block in start_thread'


  Rendered /home/tiago/.rbenv/versions/2.1.2/lib/ruby/gems/2.1.0/gems/web-console-2.0.0/lib/action_dispatch/templates/rescues/_trace.html.erb (1.5ms)
  Rendered /home/tiago/.rbenv/versions/2.1.2/lib/ruby/gems/2.1.0/gems/web-console-2.0.0/lib/action_dispatch/templates/routes/_route.html.erb (0.8ms)
  Rendered /home/tiago/.rbenv/versions/2.1.2/lib/ruby/gems/2.1.0/gems/web-console-2.0.0/lib/action_dispatch/templates/routes/_table.html.erb (1.2ms)
  Rendered /home/tiago/.rbenv/versions/2.1.2/lib/ruby/gems/2.1.0/gems/web-console-2.0.0/lib/action_dispatch/templates/rescues/_request_and_response.html.erb (1.4ms)
  Rendered /home/tiago/.rbenv/versions/2.1.2/lib/ruby/gems/2.1.0/gems/web-console-2.0.0/lib/action_dispatch/templates/rescues/_web_console.html.erb (0.9ms)
  Rendered /home/tiago/.rbenv/versions/2.1.2/lib/ruby/gems/2.1.0/gems/web-console-2.0.0/lib/action_dispatch/templates/rescues/routing_error.html.erb within rescues/layout (26.0ms)


Started GET "/urls" for 127.0.0.1 at 2015-02-03 16:19:27 +0100

ActionController::RoutingError (uninitialized constant UrlsController):
  activesupport (4.2.0) lib/active_support/inflector/methods.rb:261:in `const_get'
  activesupport (4.2.0) lib/active_support/inflector/methods.rb:261:in `block in constantize'
  activesupport (4.2.0) lib/active_support/inflector/methods.rb:259:in `each'
  activesupport (4.2.0) lib/active_support/inflector/methods.rb:259:in `inject'
  activesupport (4.2.0) lib/active_support/inflector/methods.rb:259:in `constantize'
  actionpack (4.2.0) lib/action_dispatch/routing/route_set.rb:69:in `controller_reference'
  actionpack (4.2.0) lib/action_dispatch/routing/route_set.rb:59:in `controller'
  actionpack (4.2.0) lib/action_dispatch/routing/route_set.rb:38:in `serve'
  actionpack (4.2.0) lib/action_dispatch/journey/router.rb:43:in `block in serve'
  actionpack (4.2.0) lib/action_dispatch/journey/router.rb:30:in `each'
  actionpack (4.2.0) lib/action_dispatch/journey/router.rb:30:in `serve'
  actionpack (4.2.0) lib/action_dispatch/routing/route_set.rb:802:in `call'
  rack (1.6.0) lib/rack/etag.rb:24:in `call'
  rack (1.6.0) lib/rack/conditionalget.rb:25:in `call'
  rack (1.6.0) lib/rack/head.rb:13:in `call'
  actionpack (4.2.0) lib/action_dispatch/middleware/params_parser.rb:27:in `call'
  actionpack (4.2.0) lib/action_dispatch/middleware/flash.rb:260:in `call'
  rack (1.6.0) lib/rack/session/abstract/id.rb:225:in `context'
  rack (1.6.0) lib/rack/session/abstract/id.rb:220:in `call'
  actionpack (4.2.0) lib/action_dispatch/middleware/cookies.rb:560:in `call'
  activerecord (4.2.0) lib/active_record/query_cache.rb:36:in `call'
  activerecord (4.2.0) lib/active_record/connection_adapters/abstract/connection_pool.rb:647:in `call'
  activerecord (4.2.0) lib/active_record/migration.rb:378:in `call'
  actionpack (4.2.0) lib/action_dispatch/middleware/callbacks.rb:29:in `block in call'
  activesupport (4.2.0) lib/active_support/callbacks.rb:88:in `call'
  activesupport (4.2.0) lib/active_support/callbacks.rb:88:in `_run_callbacks'
  activesupport (4.2.0) lib/active_support/callbacks.rb:734:in `_run_call_callbacks'
  activesupport (4.2.0) lib/active_support/callbacks.rb:81:in `run_callbacks'
  actionpack (4.2.0) lib/action_dispatch/middleware/callbacks.rb:27:in `call'
  actionpack (4.2.0) lib/action_dispatch/middleware/reloader.rb:73:in `call'
  actionpack (4.2.0) lib/action_dispatch/middleware/remote_ip.rb:78:in `call'
  web-console (2.0.0) lib/action_dispatch/debug_exceptions.rb:18:in `middleware_call'
  web-console (2.0.0) lib/action_dispatch/debug_exceptions.rb:13:in `call'
  actionpack (4.2.0) lib/action_dispatch/middleware/show_exceptions.rb:30:in `call'
  railties (4.2.0) lib/rails/rack/logger.rb:38:in `call_app'
  railties (4.2.0) lib/rails/rack/logger.rb:20:in `block in call'
  activesupport (4.2.0) lib/active_support/tagged_logging.rb:68:in `block in tagged'
  activesupport (4.2.0) lib/active_support/tagged_logging.rb:26:in `tagged'
  activesupport (4.2.0) lib/active_support/tagged_logging.rb:68:in `tagged'
  railties (4.2.0) lib/rails/rack/logger.rb:20:in `call'
  actionpack (4.2.0) lib/action_dispatch/middleware/request_id.rb:21:in `call'
  rack (1.6.0) lib/rack/methodoverride.rb:22:in `call'
  rack (1.6.0) lib/rack/runtime.rb:18:in `call'
  activesupport (4.2.0) lib/active_support/cache/strategy/local_cache_middleware.rb:28:in `call'
  rack (1.6.0) lib/rack/lock.rb:17:in `call'
  actionpack (4.2.0) lib/action_dispatch/middleware/static.rb:113:in `call'
  rack (1.6.0) lib/rack/sendfile.rb:113:in `call'
  railties (4.2.0) lib/rails/engine.rb:518:in `call'
  railties (4.2.0) lib/rails/application.rb:164:in `call'
  rack (1.6.0) lib/rack/lock.rb:17:in `call'
  rack (1.6.0) lib/rack/content_length.rb:15:in `call'
  rack (1.6.0) lib/rack/handler/webrick.rb:89:in `service'
  /home/tiago/.rbenv/versions/2.1.2/lib/ruby/2.1.0/webrick/httpserver.rb:138:in `service'
  /home/tiago/.rbenv/versions/2.1.2/lib/ruby/2.1.0/webrick/httpserver.rb:94:in `run'
  /home/tiago/.rbenv/versions/2.1.2/lib/ruby/2.1.0/webrick/server.rb:295:in `block in start_thread'


  Rendered /home/tiago/.rbenv/versions/2.1.2/lib/ruby/gems/2.1.0/gems/web-console-2.0.0/lib/action_dispatch/templates/rescues/_trace.html.erb (5.4ms)
  Rendered /home/tiago/.rbenv/versions/2.1.2/lib/ruby/gems/2.1.0/gems/web-console-2.0.0/lib/action_dispatch/templates/routes/_route.html.erb (1.3ms)
  Rendered /home/tiago/.rbenv/versions/2.1.2/lib/ruby/gems/2.1.0/gems/web-console-2.0.0/lib/action_dispatch/templates/routes/_table.html.erb (2.1ms)
  Rendered /home/tiago/.rbenv/versions/2.1.2/lib/ruby/gems/2.1.0/gems/web-console-2.0.0/lib/action_dispatch/templates/rescues/_request_and_response.html.erb (1.8ms)
  Rendered /home/tiago/.rbenv/versions/2.1.2/lib/ruby/gems/2.1.0/gems/web-console-2.0.0/lib/action_dispatch/templates/rescues/_web_console.html.erb (1.6ms)
  Rendered /home/tiago/.rbenv/versions/2.1.2/lib/ruby/gems/2.1.0/gems/web-console-2.0.0/lib/action_dispatch/templates/rescues/routing_error.html.erb within rescues/layout (45.5ms)


Started GET "/urls" for 127.0.0.1 at 2015-02-03 16:23:11 +0100
Processing by UrlsController#index as HTML
Completed 500 Internal Server Error in 6ms

NameError (undefined local variable or method `all' for #<UrlsController:0x007fc80e215b78>):
  app/controllers/urls_controller.rb:3:in `index'


  Rendered /home/tiago/.rbenv/versions/2.1.2/lib/ruby/gems/2.1.0/gems/web-console-2.0.0/lib/action_dispatch/templates/rescues/_source.erb (5.9ms)
  Rendered /home/tiago/.rbenv/versions/2.1.2/lib/ruby/gems/2.1.0/gems/web-console-2.0.0/lib/action_dispatch/templates/rescues/_trace.html.erb (2.4ms)
  Rendered /home/tiago/.rbenv/versions/2.1.2/lib/ruby/gems/2.1.0/gems/web-console-2.0.0/lib/action_dispatch/templates/rescues/_request_and_response.html.erb (1.0ms)
  Rendered /home/tiago/.rbenv/versions/2.1.2/lib/ruby/gems/2.1.0/gems/web-console-2.0.0/lib/action_dispatch/templates/rescues/_web_console.html.erb (1.1ms)
  Rendered /home/tiago/.rbenv/versions/2.1.2/lib/ruby/gems/2.1.0/gems/web-console-2.0.0/lib/action_dispatch/templates/rescues/diagnostics.html.erb within rescues/layout (32.7ms)


Started GET "/urls" for 127.0.0.1 at 2015-02-03 16:23:23 +0100
Processing by UrlsController#index as HTML
  [1m[35mUrl Load (1.0ms)[0m  SELECT "urls".* FROM "urls"
  Rendered urls/index.html.erb within layouts/application (17.0ms)
Completed 200 OK in 340ms (Views: 332.5ms | ActiveRecord: 5.2ms)


Started GET "/assets/site-64e62ddc273c2f5847f30d698ca14b67.css?body=1" for 127.0.0.1 at 2015-02-03 16:23:23 +0100


Started GET "/assets/application-9785eab88e1b8b9be7784252c1b9f437.css?body=1" for 127.0.0.1 at 2015-02-03 16:23:23 +0100


Started GET "/assets/url-64e62ddc273c2f5847f30d698ca14b67.css?body=1" for 127.0.0.1 at 2015-02-03 16:23:23 +0100


Started GET "/assets/jquery_ujs-e27bd20a10d28155845a22d71ef94f2f.js?body=1" for 127.0.0.1 at 2015-02-03 16:23:23 +0100


Started GET "/assets/urls-64e62ddc273c2f5847f30d698ca14b67.css?body=1" for 127.0.0.1 at 2015-02-03 16:23:23 +0100


Started GET "/assets/jquery-87424c3c19e96d4fb033c10ebe21ec40.js?body=1" for 127.0.0.1 at 2015-02-03 16:23:23 +0100


Started GET "/assets/turbolinks-da8ddad9c2c5483d4c5c30c1ce325253.js?body=1" for 127.0.0.1 at 2015-02-03 16:23:23 +0100


Started GET "/assets/site-fcec5b5a277ac7c20cc9f45a209a3bcd.js?body=1" for 127.0.0.1 at 2015-02-03 16:23:23 +0100


Started GET "/assets/url-fcec5b5a277ac7c20cc9f45a209a3bcd.js?body=1" for 127.0.0.1 at 2015-02-03 16:23:23 +0100


Started GET "/assets/urls-fcec5b5a277ac7c20cc9f45a209a3bcd.js?body=1" for 127.0.0.1 at 2015-02-03 16:23:23 +0100


Started GET "/assets/application-3602cadbcb413bdfcfbb93e84761bd53.js?body=1" for 127.0.0.1 at 2015-02-03 16:23:23 +0100


Started GET "/assets/jquery_ujs-e27bd20a10d28155845a22d71ef94f2f.js?body=1" for 127.0.0.1 at 2015-02-03 16:23:23 +0100


Started GET "/assets/turbolinks-da8ddad9c2c5483d4c5c30c1ce325253.js?body=1" for 127.0.0.1 at 2015-02-03 16:23:23 +0100


Started GET "/assets/site-fcec5b5a277ac7c20cc9f45a209a3bcd.js?body=1" for 127.0.0.1 at 2015-02-03 16:23:23 +0100


Started GET "/assets/url-fcec5b5a277ac7c20cc9f45a209a3bcd.js?body=1" for 127.0.0.1 at 2015-02-03 16:23:23 +0100
